2024-05-22 11:17:18.260 | INFO     | api:get_axioms_and_symbols:17 - receive axioms and symbols:
2024-05-22 11:17:18.261 | INFO     | api:get_axioms_and_symbols:18 - [{'theorem': 'wn', 'type': '$a', 'conclusion': 'wff -. ph', 'd_vars': '', 'f_hypos': ['wff ph'], 'e_hypos': [], 'proof_steps': '', 'references': ''}, {'theorem': 'wi', 'type': '$a', 'conclusion': 'wff ( ph -> ps )', 'd_vars': '', 'f_hypos': ['wff ph', 'wff ps'], 'e_hypos': [], 'proof_steps': '', 'references': ''}, {'theorem': 'ax-mp', 'type': '$a', 'conclusion': '|- ps', 'd_vars': '', 'f_hypos': ['wff ph', 'wff ps'], 'e_hypos': ['|- ph', '|- ( ph -> ps )'], 'proof_steps': '', 'references': ''}, {'theorem': 'ax-1', 'type': '$a', 'conclusion': '|- ( ph -> ( ps -> ph ) )', 'd_vars': '', 'f_hypos': ['wff ph', 'wff ps'], 'e_hypos': [], 'proof_steps': '', 'references': ''}, {'theorem': 'ax-2', 'type': '$a', 'conclusion': '|- ( ( ph -> ( ps -> ch ) ) -> ( ( ph -> ps ) -> ( ph -> ch ) ) )', 'd_vars': '', 'f_hypos': ['wff ph', 'wff ps', 'wff ch'], 'e_hypos': [], 'proof_steps': '', 'references': ''}, {'theorem': 'ax-3', 'type': '$a', 'conclusion': '|- ( ( -. ph -> -. ps ) -> ( ps -> ph ) )', 'd_vars': '', 'f_hypos': ['wff ph', 'wff ps'], 'e_hypos': [], 'proof_steps': '', 'references': ''}, {'theorem': 'wb', 'type': '$a', 'conclusion': 'wff ( ph <-> ps )', 'd_vars': '', 'f_hypos': ['wff ph', 'wff ps'], 'e_hypos': [], 'proof_steps': '', 'references': ''}, {'theorem': 'df-bi', 'type': '$a', 'conclusion': '|- -. ( ( ( ph <-> ps ) -> -. ( ( ph -> ps ) -> -. ( ps -> ph ) ) ) -> -. ( -. ( ( ph -> ps ) -> -. ( ps -> ph ) ) -> ( ph <-> ps ) ) )', 'd_vars': '', 'f_hypos': ['wff ph', 'wff ps'], 'e_hypos': [], 'proof_steps': '', 'references': ''}, {'theorem': 'wa', 'type': '$a', 'conclusion': 'wff ( ph /\\ ps )', 'd_vars': '', 'f_hypos': ['wff ph', 'wff ps'], 'e_hypos': [], 'proof_steps': '', 'references': ''}, {'theorem': 'df-an', 'type': '$a', 'conclusion': '|- ( ( ph /\\ ps ) <-> -. ( ph -> -. ps ) )', 'd_vars': '', 'f_hypos': ['wff ph', 'wff ps'], 'e_hypos': [], 'proof_steps': '', 'references': ''}, {'theorem': 'wo', 'type': '$a', 'conclusion': 'wff ( ph \\/ ps )', 'd_vars': '', 'f_hypos': ['wff ph', 'wff ps'], 'e_hypos': [], 'proof_steps': '', 'references': ''}, {'theorem': 'df-or', 'type': '$a', 'conclusion': '|- ( ( ph \\/ ps ) <-> ( -. ph -> ps ) )', 'd_vars': '', 'f_hypos': ['wff ph', 'wff ps'], 'e_hypos': [], 'proof_steps': '', 'references': ''}, {'theorem': 'wif', 'type': '$a', 'conclusion': 'wff if- ( ph , ps , ch )', 'd_vars': '', 'f_hypos': ['wff ph', 'wff ps', 'wff ch'], 'e_hypos': [], 'proof_steps': '', 'references': ''}, {'theorem': 'df-ifp', 'type': '$a', 'conclusion': '|- ( if- ( ph , ps , ch ) <-> ( ( ph /\\ ps ) \\/ ( -. ph /\\ ch ) ) )', 'd_vars': '', 'f_hypos': ['wff ph', 'wff ps', 'wff ch'], 'e_hypos': [], 'proof_steps': '', 'references': ''}, {'theorem': 'w3o', 'type': '$a', 'conclusion': 'wff ( ph \\/ ps \\/ ch )', 'd_vars': '', 'f_hypos': ['wff ph', 'wff ps', 'wff ch'], 'e_hypos': [], 'proof_steps': '', 'references': ''}, {'theorem': 'w3a', 'type': '$a', 'conclusion': 'wff ( ph /\\ ps /\\ ch )', 'd_vars': '', 'f_hypos': ['wff ph', 'wff ps', 'wff ch'], 'e_hypos': [], 'proof_steps': '', 'references': ''}, {'theorem': 'df-3or', 'type': '$a', 'conclusion': '|- ( ( ph \\/ ps \\/ ch ) <-> ( ( ph \\/ ps ) \\/ ch ) )', 'd_vars': '', 'f_hypos': ['wff ph', 'wff ps', 'wff ch'], 'e_hypos': [], 'proof_steps': '', 'references': ''}, {'theorem': 'df-3an', 'type': '$a', 'conclusion': '|- ( ( ph /\\ ps /\\ ch ) <-> ( ( ph /\\ ps ) /\\ ch ) )', 'd_vars': '', 'f_hypos': ['wff ph', 'wff ps', 'wff ch'], 'e_hypos': [], 'proof_steps': '', 'references': ''}, {'theorem': 'wnan', 'type': '$a', 'conclusion': 'wff ( ph -/\\ ps )', 'd_vars': '', 'f_hypos': ['wff ph', 'wff ps'], 'e_hypos': [], 'proof_steps': '', 'references': ''}, {'theorem': 'df-nan', 'type': '$a', 'conclusion': '|- ( ( ph -/\\ ps ) <-> -. ( ph /\\ ps ) )', 'd_vars': '', 'f_hypos': ['wff ph', 'wff ps'], 'e_hypos': [], 'proof_steps': '', 'references': ''}, {'theorem': 'wxo', 'type': '$a', 'conclusion': 'wff ( ph \\/_ ps )', 'd_vars': '', 'f_hypos': ['wff ph', 'wff ps'], 'e_hypos': [], 'proof_steps': '', 'references': ''}, {'theorem': 'df-xor', 'type': '$a', 'conclusion': '|- ( ( ph \\/_ ps ) <-> -. ( ph <-> ps ) )', 'd_vars': '', 'f_hypos': ['wff ph', 'wff ps'], 'e_hypos': [], 'proof_steps': '', 'references': ''}, {'theorem': 'wal', 'type': '$a', 'conclusion': 'wff A. x ph', 'd_vars': '', 'f_hypos': ['wff ph', 'setvar x'], 'e_hypos': [], 'proof_steps': '', 'references': ''}, {'theorem': 'cv', 'type': '$a', 'conclusion': 'class x', 'd_vars': '', 'f_hypos': ['setvar x'], 'e_hypos': [], 'proof_steps': '', 'references': ''}, {'theorem': 'wceq', 'type': '$a', 'conclusion': 'wff A = B', 'd_vars': '', 'f_hypos': ['class A', 'class B'], 'e_hypos': [], 'proof_steps': '', 'references': ''}, {'theorem': 'wtru', 'type': '$a', 'conclusion': 'wff T.', 'd_vars': '', 'f_hypos': [], 'e_hypos': [], 'proof_steps': '', 'references': ''}, {'theorem': 'df-tru', 'type': '$a', 'conclusion': '|- ( T. <-> ( A. x x = x -> A. x x = x ) )', 'd_vars': '', 'f_hypos': ['setvar x'], 'e_hypos': [], 'proof_steps': '', 'references': ''}, {'theorem': 'wfal', 'type': '$a', 'conclusion': 'wff F.', 'd_vars': '', 'f_hypos': [], 'e_hypos': [], 'proof_steps': '', 'references': ''}, {'theorem': 'df-fal', 'type': '$a', 'conclusion': '|- ( F. <-> -. T. )', 'd_vars': '', 'f_hypos': [], 'e_hypos': [], 'proof_steps': '', 'references': ''}, {'theorem': 'whad', 'type': '$a', 'conclusion': 'wff hadd ( ph , ps , ch )', 'd_vars': '', 'f_hypos': ['wff ph', 'wff ps', 'wff ch'], 'e_hypos': [], 'proof_steps': '', 'references': ''}, {'theorem': 'df-had', 'type': '$a', 'conclusion': '|- ( hadd ( ph , ps , ch ) <-> ( ( ph \\/_ ps ) \\/_ ch ) )', 'd_vars': '', 'f_hypos': ['wff ph', 'wff ps', 'wff ch'], 'e_hypos': [], 'proof_steps': '', 'references': ''}, {'theorem': 'wcad', 'type': '$a', 'conclusion': 'wff cadd ( ph , ps , ch )', 'd_vars': '', 'f_hypos': ['wff ph', 'wff ps', 'wff ch'], 'e_hypos': [], 'proof_steps': '', 'references': ''}, {'theorem': 'df-cad', 'type': '$a', 'conclusion': '|- ( cadd ( ph , ps , ch ) <-> ( ( ph /\\ ps ) \\/ ( ch /\\ ( ph \\/_ ps ) ) ) )', 'd_vars': '', 'f_hypos': ['wff ph', 'wff ps', 'wff ch'], 'e_hypos': [], 'proof_steps': '', 'references': ''}]
2024-05-22 11:17:18.261 | INFO     | api:get_axioms_and_symbols:19 - [{'theorem': 'wph', 'type': '$f', 'conclusion': 'wff ph', 'd_vars': '', 'f_hypos': [], 'e_hypos': [], 'proof_steps': '', 'references': ''}, {'theorem': 'wps', 'type': '$f', 'conclusion': 'wff ps', 'd_vars': '', 'f_hypos': [], 'e_hypos': [], 'proof_steps': '', 'references': ''}, {'theorem': 'wch', 'type': '$f', 'conclusion': 'wff ch', 'd_vars': '', 'f_hypos': [], 'e_hypos': [], 'proof_steps': '', 'references': ''}, {'theorem': 'wth', 'type': '$f', 'conclusion': 'wff th', 'd_vars': '', 'f_hypos': [], 'e_hypos': [], 'proof_steps': '', 'references': ''}, {'theorem': 'wta', 'type': '$f', 'conclusion': 'wff ta', 'd_vars': '', 'f_hypos': [], 'e_hypos': [], 'proof_steps': '', 'references': ''}, {'theorem': 'wet', 'type': '$f', 'conclusion': 'wff et', 'd_vars': '', 'f_hypos': [], 'e_hypos': [], 'proof_steps': '', 'references': ''}, {'theorem': 'wze', 'type': '$f', 'conclusion': 'wff ze', 'd_vars': '', 'f_hypos': [], 'e_hypos': [], 'proof_steps': '', 'references': ''}, {'theorem': 'wsi', 'type': '$f', 'conclusion': 'wff si', 'd_vars': '', 'f_hypos': [], 'e_hypos': [], 'proof_steps': '', 'references': ''}, {'theorem': 'wrh', 'type': '$f', 'conclusion': 'wff rh', 'd_vars': '', 'f_hypos': [], 'e_hypos': [], 'proof_steps': '', 'references': ''}, {'theorem': 'wmu', 'type': '$f', 'conclusion': 'wff mu', 'd_vars': '', 'f_hypos': [], 'e_hypos': [], 'proof_steps': '', 'references': ''}, {'theorem': 'wla', 'type': '$f', 'conclusion': 'wff la', 'd_vars': '', 'f_hypos': [], 'e_hypos': [], 'proof_steps': '', 'references': ''}, {'theorem': 'wka', 'type': '$f', 'conclusion': 'wff ka', 'd_vars': '', 'f_hypos': [], 'e_hypos': [], 'proof_steps': '', 'references': ''}, {'theorem': 'vx', 'type': '$f', 'conclusion': 'setvar x', 'd_vars': '', 'f_hypos': [], 'e_hypos': [], 'proof_steps': '', 'references': ''}, {'theorem': 'vx', 'type': '$f', 'conclusion': 'setvar x', 'd_vars': '', 'f_hypos': [], 'e_hypos': [], 'proof_steps': '', 'references': ''}, {'theorem': 'cA', 'type': '$f', 'conclusion': 'class A', 'd_vars': '', 'f_hypos': [], 'e_hypos': [], 'proof_steps': '', 'references': ''}, {'theorem': 'cB', 'type': '$f', 'conclusion': 'class B', 'd_vars': '', 'f_hypos': [], 'e_hypos': [], 'proof_steps': '', 'references': ''}, {'theorem': 'vx', 'type': '$f', 'conclusion': 'setvar x', 'd_vars': '', 'f_hypos': [], 'e_hypos': [], 'proof_steps': '', 'references': ''}, {'theorem': 'vy', 'type': '$f', 'conclusion': 'setvar y', 'd_vars': '', 'f_hypos': [], 'e_hypos': [], 'proof_steps': '', 'references': ''}]

2024-05-22 11:17:18.261 | INFO     | api:get_axioms_and_symbols:23 - response: have received axioms and symbols
2024-05-22 11:17:23.265 | INFO     | api:get_one_theorem:29 - receive ask for idx 0
2024-05-22 11:17:23.265 | INFO     | api:get_one_theorem:34 - response: please wait
2024-05-22 11:17:28.269 | INFO     | api:get_one_theorem:29 - receive ask for idx 0
2024-05-22 11:17:28.269 | INFO     | api:get_one_theorem:34 - response: please wait
2024-05-22 11:17:33.272 | INFO     | api:get_one_theorem:29 - receive ask for idx 0
2024-05-22 11:17:33.272 | INFO     | api:get_one_theorem:34 - response: please wait
2024-05-22 11:17:38.277 | INFO     | api:get_one_theorem:29 - receive ask for idx 0
2024-05-22 11:17:38.277 | INFO     | api:get_one_theorem:34 - response: please wait
2024-05-22 11:17:43.280 | INFO     | api:get_one_theorem:29 - receive ask for idx 0
2024-05-22 11:17:43.281 | INFO     | api:get_one_theorem:34 - response: please wait
2024-05-22 11:17:48.286 | INFO     | api:get_one_theorem:29 - receive ask for idx 0
2024-05-22 11:17:48.287 | INFO     | api:get_one_theorem:34 - response: please wait
2024-05-22 11:17:53.291 | INFO     | api:get_one_theorem:29 - receive ask for idx 0
2024-05-22 11:17:53.292 | INFO     | api:get_one_theorem:34 - response: please wait
2024-05-22 11:17:58.295 | INFO     | api:get_one_theorem:29 - receive ask for idx 0
2024-05-22 11:17:58.295 | INFO     | api:get_one_theorem:34 - response: please wait
2024-05-22 11:18:03.300 | INFO     | api:get_one_theorem:29 - receive ask for idx 0
2024-05-22 11:18:03.300 | INFO     | api:get_one_theorem:34 - response: please wait
2024-05-22 11:18:08.304 | INFO     | api:get_one_theorem:29 - receive ask for idx 0
2024-05-22 11:18:08.304 | INFO     | api:get_one_theorem:34 - response: please wait
2024-05-22 11:18:13.308 | INFO     | api:get_one_theorem:29 - receive ask for idx 0
2024-05-22 11:18:13.308 | INFO     | api:get_one_theorem:34 - response: please wait
2024-05-22 11:18:18.311 | INFO     | api:get_one_theorem:29 - receive ask for idx 0
2024-05-22 11:18:18.312 | INFO     | api:get_one_theorem:34 - response: please wait
2024-05-22 11:18:23.317 | INFO     | api:get_one_theorem:29 - receive ask for idx 0
2024-05-22 11:18:23.317 | INFO     | api:get_one_theorem:34 - response: please wait
2024-05-22 11:18:28.322 | INFO     | api:get_one_theorem:29 - receive ask for idx 0
2024-05-22 11:18:28.323 | INFO     | api:get_one_theorem:34 - response: please wait
2024-05-22 11:18:33.326 | INFO     | api:get_one_theorem:29 - receive ask for idx 0
2024-05-22 11:18:33.326 | INFO     | api:get_one_theorem:34 - response: please wait
2024-05-22 11:18:38.330 | INFO     | api:get_one_theorem:29 - receive ask for idx 0
2024-05-22 11:18:38.330 | INFO     | api:get_one_theorem:34 - response: please wait
2024-05-22 11:18:43.335 | INFO     | api:get_one_theorem:29 - receive ask for idx 0
2024-05-22 11:18:43.335 | INFO     | api:get_one_theorem:34 - response: please wait
2024-05-22 11:18:48.338 | INFO     | api:get_one_theorem:29 - receive ask for idx 0
2024-05-22 11:18:48.338 | INFO     | api:get_one_theorem:34 - response: please wait
2024-05-22 11:18:53.343 | INFO     | api:get_one_theorem:29 - receive ask for idx 0
2024-05-22 11:18:53.344 | INFO     | api:get_one_theorem:39 - response: 
[{"theorem": "new140140", "type": "$p", "conclusion": "|- -. ph", "d_vars": "", "f_hypos": ["wff ph"], "e_hypos": [], "proof_steps": "wph wn", "references": ["wn"]}, {"theorem": "new142142", "type": "$p", "conclusion": "|- ph", "d_vars": "", "f_hypos": ["wff ph"], "e_hypos": [], "proof_steps": "wph ax-mp", "references": ["ax-mp"]}]
2024-05-22 11:18:58.346 | INFO     | api:get_one_theorem:29 - receive ask for idx 2
2024-05-22 11:18:58.346 | INFO     | api:get_one_theorem:37 - response: over
